[16-Sep-2012 17:33:05 UTC] PHP Fatal error:  Uncaught exception 'Quasar\Di\DiException' with message 'Cannot find implementation of App\Controller\Add' in /home/sasquatch/www/la-rocca/vendor/quasar-framework/quasar-framework/src/Quasar/Di/Context.php:339
Stack trace:
#0 /home/sasquatch/www/la-rocca/vendor/quasar-framework/quasar-framework/src/Quasar/Di/Context.php(303): Quasar\Di\Context->pickFactory('App\Controller\...', Array)
#1 /home/sasquatch/www/la-rocca/vendor/quasar-framework/quasar-framework/src/Quasar/Di/Container.php(329): Quasar\Di\Context->create('App\Controller\...')
#2 /home/sasquatch/www/la-rocca/vendor/quasar-framework/quasar-framework/src/Quasar/Controller/Controller.php(288): Quasar\Di\Container->create('App\Controller\...')
#3 /home/sasquatch/www/la-rocca/vendor/quasar-framework/quasar-framework/src/Quasar/Controller/Controller.php(296): Quasar\Controller\Controller->forward(Object(Quasar\Dispatcher\Request\Query\Query))
#4 /home/sasquatch/www/la-rocca/vendor/quasar-framework/quasar-framework/src/Quasar/Dispatcher/Dispatcher.php(132) in /home/sasquatch/www/la-rocca/vendor/quasar-framework/quasar-framework/src/Quasar/Di/Context.php on line 339
[16-Sep-2012 17:33:22 UTC] PHP Fatal error:  Uncaught exception 'Quasar\Di\DiException' with message 'Cannot find implementation of App\Controller\Root' in /home/sasquatch/www/la-rocca/vendor/quasar-framework/quasar-framework/src/Quasar/Di/Context.php:339
Stack trace:
#0 /home/sasquatch/www/la-rocca/vendor/quasar-framework/quasar-framework/src/Quasar/Di/Context.php(303): Quasar\Di\Context->pickFactory('App\Controller\...', Array)
#1 /home/sasquatch/www/la-rocca/vendor/quasar-framework/quasar-framework/src/Quasar/Di/Container.php(329): Quasar\Di\Context->create('App\Controller\...')
#2 /home/sasquatch/www/la-rocca/vendor/quasar-framework/quasar-framework/src/Quasar/Controller/Controller.php(288): Quasar\Di\Container->create('App\Controller\...')
#3 /home/sasquatch/www/la-rocca/vendor/quasar-framework/quasar-framework/src/Quasar/Dispatcher/Dispatcher.php(132): Quasar\Controller\Controller->forward()
#4 /home/sasquatch/www/la-rocca/configs/bootstrap.php(32): Quasar\Dispatcher\Dispatcher->dispatch()
#5 /home/sasquatch/www/la-rocca/public_html/index.php(7):  in /home/sasquatch/www/la-rocca/vendor/quasar-framework/quasar-framework/src/Quasar/Di/Context.php on line 339
[16-Sep-2012 17:33:29 UTC] PHP Fatal error:  Uncaught exception 'Quasar\Di\DiException' with message 'Cannot find implementation of App\Controller\Add' in /home/sasquatch/www/la-rocca/vendor/quasar-framework/quasar-framework/src/Quasar/Di/Context.php:339
Stack trace:
#0 /home/sasquatch/www/la-rocca/vendor/quasar-framework/quasar-framework/src/Quasar/Di/Context.php(303): Quasar\Di\Context->pickFactory('App\Controller\...', Array)
#1 /home/sasquatch/www/la-rocca/vendor/quasar-framework/quasar-framework/src/Quasar/Di/Container.php(329): Quasar\Di\Context->create('App\Controller\...')
#2 /home/sasquatch/www/la-rocca/vendor/quasar-framework/quasar-framework/src/Quasar/Controller/Controller.php(288): Quasar\Di\Container->create('App\Controller\...')
#3 /home/sasquatch/www/la-rocca/vendor/quasar-framework/quasar-framework/src/Quasar/Controller/Controller.php(296): Quasar\Controller\Controller->forward(Object(Quasar\Dispatcher\Request\Query\Query))
#4 /home/sasquatch/www/la-rocca/vendor/quasar-framework/quasar-framework/src/Quasar/Controller/Controller.php(296) in /home/sasquatch/www/la-rocca/vendor/quasar-framework/quasar-framework/src/Quasar/Di/Context.php on line 339
[16-Sep-2012 17:33:33 UTC] PHP Fatal error:  Uncaught exception 'Quasar\Di\DiException' with message 'Cannot find implementation of App\Controller\Add' in /home/sasquatch/www/la-rocca/vendor/quasar-framework/quasar-framework/src/Quasar/Di/Context.php:339
Stack trace:
#0 /home/sasquatch/www/la-rocca/vendor/quasar-framework/quasar-framework/src/Quasar/Di/Context.php(303): Quasar\Di\Context->pickFactory('App\Controller\...', Array)
#1 /home/sasquatch/www/la-rocca/vendor/quasar-framework/quasar-framework/src/Quasar/Di/Container.php(329): Quasar\Di\Context->create('App\Controller\...')
#2 /home/sasquatch/www/la-rocca/vendor/quasar-framework/quasar-framework/src/Quasar/Controller/Controller.php(288): Quasar\Di\Container->create('App\Controller\...')
#3 /home/sasquatch/www/la-rocca/vendor/quasar-framework/quasar-framework/src/Quasar/Controller/Controller.php(296): Quasar\Controller\Controller->forward(Object(Quasar\Dispatcher\Request\Query\Query))
#4 /home/sasquatch/www/la-rocca/vendor/quasar-framework/quasar-framework/src/Quasar/Dispatcher/Dispatcher.php(132) in /home/sasquatch/www/la-rocca/vendor/quasar-framework/quasar-framework/src/Quasar/Di/Context.php on line 339
[16-Sep-2012 17:33:35 UTC] PHP Fatal error:  Uncaught exception 'Quasar\View\Renderer\RendererException' with message 'Script 'record.phtml' not found' in /home/sasquatch/www/la-rocca/vendor/quasar-framework/quasar-framework/src/Quasar/View/Renderer/Renderer.php:114
Stack trace:
#0 /home/sasquatch/www/la-rocca/vendor/quasar-framework/quasar-framework/src/Quasar/View/Renderer/Renderer.php(266): Quasar\View\Renderer\Renderer->chooseScriptPath('record.phtml')
#1 /home/sasquatch/www/la-rocca/vendor/quasar-framework/quasar-framework/src/Quasar/Dispatcher/Response/Decorator/Renderer.php(141): Quasar\View\Renderer\Renderer->render('record.phtml')
#2 /home/sasquatch/www/la-rocca/vendor/quasar-framework/quasar-framework/src/Quasar/Dispatcher/Response/Response.php(491): Quasar\Dispatcher\Response\Decorator\Renderer->decorate('')
#3 /home/sasquatch/www/la-rocca/vendor/quasar-framework/quasar-framework/src/Quasar/Dispatcher/Dispatcher.php(145): Quasar\Dispatcher\Response\Response->output()
#4 /home/sasquatch/www/la-rocca/configs/bootstrap.php(32): Quasar\Dispatcher in /home/sasquatch/www/la-rocca/vendor/quasar-framework/quasar-framework/src/Quasar/View/Renderer/Renderer.php on line 114
[16-Sep-2012 17:33:39 UTC] PHP Fatal error:  Uncaught exception 'Quasar\Di\DiException' with message 'Cannot find implementation of App\Controller\Add' in /home/sasquatch/www/la-rocca/vendor/quasar-framework/quasar-framework/src/Quasar/Di/Context.php:339
Stack trace:
#0 /home/sasquatch/www/la-rocca/vendor/quasar-framework/quasar-framework/src/Quasar/Di/Context.php(303): Quasar\Di\Context->pickFactory('App\Controller\...', Array)
#1 /home/sasquatch/www/la-rocca/vendor/quasar-framework/quasar-framework/src/Quasar/Di/Container.php(329): Quasar\Di\Context->create('App\Controller\...')
#2 /home/sasquatch/www/la-rocca/vendor/quasar-framework/quasar-framework/src/Quasar/Controller/Controller.php(288): Quasar\Di\Container->create('App\Controller\...')
#3 /home/sasquatch/www/la-rocca/vendor/quasar-framework/quasar-framework/src/Quasar/Controller/Controller.php(296): Quasar\Controller\Controller->forward(Object(Quasar\Dispatcher\Request\Query\Query))
#4 /home/sasquatch/www/la-rocca/vendor/quasar-framework/quasar-framework/src/Quasar/Dispatcher/Dispatcher.php(132) in /home/sasquatch/www/la-rocca/vendor/quasar-framework/quasar-framework/src/Quasar/Di/Context.php on line 339
[16-Sep-2012 17:34:11 UTC] PHP Fatal error:  Uncaught exception 'Quasar\Di\DiException' with message 'Cannot find implementation of App\Controller\Add' in /home/sasquatch/www/la-rocca/vendor/quasar-framework/quasar-framework/src/Quasar/Di/Context.php:339
Stack trace:
#0 /home/sasquatch/www/la-rocca/vendor/quasar-framework/quasar-framework/src/Quasar/Di/Context.php(303): Quasar\Di\Context->pickFactory('App\Controller\...', Array)
#1 /home/sasquatch/www/la-rocca/vendor/quasar-framework/quasar-framework/src/Quasar/Di/Container.php(329): Quasar\Di\Context->create('App\Controller\...')
#2 /home/sasquatch/www/la-rocca/vendor/quasar-framework/quasar-framework/src/Quasar/Controller/Controller.php(290): Quasar\Di\Container->create('App\Controller\...')
#3 /home/sasquatch/www/la-rocca/vendor/quasar-framework/quasar-framework/src/Quasar/Controller/Controller.php(298): Quasar\Controller\Controller->forward(Object(Quasar\Dispatcher\Request\Query\Query))
#4 /home/sasquatch/www/la-rocca/vendor/quasar-framework/quasar-framework/src/Quasar/Dispatcher/Dispatcher.php(132) in /home/sasquatch/www/la-rocca/vendor/quasar-framework/quasar-framework/src/Quasar/Di/Context.php on line 339
[16-Sep-2012 17:34:54 UTC] PHP Fatal error:  Uncaught exception 'Quasar\Di\DiException' with message 'Cannot find implementation of App\Controller\Add' in /home/sasquatch/www/la-rocca/vendor/quasar-framework/quasar-framework/src/Quasar/Di/Context.php:339
Stack trace:
#0 /home/sasquatch/www/la-rocca/vendor/quasar-framework/quasar-framework/src/Quasar/Di/Context.php(303): Quasar\Di\Context->pickFactory('App\Controller\...', Array)
#1 /home/sasquatch/www/la-rocca/vendor/quasar-framework/quasar-framework/src/Quasar/Di/Container.php(329): Quasar\Di\Context->create('App\Controller\...')
#2 /home/sasquatch/www/la-rocca/vendor/quasar-framework/quasar-framework/src/Quasar/Controller/Controller.php(290): Quasar\Di\Container->create('App\Controller\...')
#3 /home/sasquatch/www/la-rocca/vendor/quasar-framework/quasar-framework/src/Quasar/Controller/Controller.php(298): Quasar\Controller\Controller->forward(Object(Quasar\Dispatcher\Request\Query\Query))
#4 /home/sasquatch/www/la-rocca/vendor/quasar-framework/quasar-framework/src/Quasar/Dispatcher/Dispatcher.php(132) in /home/sasquatch/www/la-rocca/vendor/quasar-framework/quasar-framework/src/Quasar/Di/Context.php on line 339
[16-Sep-2012 17:36:09 UTC] PHP Fatal error:  Uncaught exception 'Quasar\Di\DiException' with message 'Cannot find implementation of App\Controller\Quasar\Controller\Controller\Record' in /home/sasquatch/www/la-rocca/vendor/quasar-framework/quasar-framework/src/Quasar/Di/Context.php:339
Stack trace:
#0 /home/sasquatch/www/la-rocca/vendor/quasar-framework/quasar-framework/src/Quasar/Di/Context.php(303): Quasar\Di\Context->pickFactory('App\Controller\...', Array)
#1 /home/sasquatch/www/la-rocca/vendor/quasar-framework/quasar-framework/src/Quasar/Di/Container.php(329): Quasar\Di\Context->create('App\Controller\...')
#2 /home/sasquatch/www/la-rocca/vendor/quasar-framework/quasar-framework/src/Quasar/Controller/Controller.php(290): Quasar\Di\Container->create('App\Controller\...')
#3 /home/sasquatch/www/la-rocca/vendor/quasar-framework/quasar-framework/src/Quasar/Dispatcher/Dispatcher.php(132): Quasar\Controller\Controller->forward()
#4 /home/sasquatch/www/la-rocca/configs/bootstrap.php(32): Quasar\Dispatcher\Dispatcher->dispatch()
#5 /home/sasquatch/www/la-r in /home/sasquatch/www/la-rocca/vendor/quasar-framework/quasar-framework/src/Quasar/Di/Context.php on line 339
[16-Sep-2012 17:36:46 UTC] PHP Fatal error:  Uncaught exception 'Quasar\Di\DiException' with message 'Cannot find implementation of App\Controller\Quasar\Controller\Controller\Record' in /home/sasquatch/www/la-rocca/vendor/quasar-framework/quasar-framework/src/Quasar/Di/Context.php:339
Stack trace:
#0 /home/sasquatch/www/la-rocca/vendor/quasar-framework/quasar-framework/src/Quasar/Di/Context.php(303): Quasar\Di\Context->pickFactory('App\Controller\...', Array)
#1 /home/sasquatch/www/la-rocca/vendor/quasar-framework/quasar-framework/src/Quasar/Di/Container.php(329): Quasar\Di\Context->create('App\Controller\...')
#2 /home/sasquatch/www/la-rocca/vendor/quasar-framework/quasar-framework/src/Quasar/Controller/Controller.php(290): Quasar\Di\Container->create('App\Controller\...')
#3 /home/sasquatch/www/la-rocca/vendor/quasar-framework/quasar-framework/src/Quasar/Dispatcher/Dispatcher.php(132): Quasar\Controller\Controller->forward()
#4 /home/sasquatch/www/la-rocca/configs/bootstrap.php(32): Quasar\Dispatcher\Dispatcher->dispatch()
#5 /home/sasquatch/www/la-r in /home/sasquatch/www/la-rocca/vendor/quasar-framework/quasar-framework/src/Quasar/Di/Context.php on line 339
[16-Sep-2012 17:37:02 UTC] PHP Fatal error:  Uncaught exception 'Quasar\Di\DiException' with message 'Cannot find implementation of App\Controller\Add' in /home/sasquatch/www/la-rocca/vendor/quasar-framework/quasar-framework/src/Quasar/Di/Context.php:339
Stack trace:
#0 /home/sasquatch/www/la-rocca/vendor/quasar-framework/quasar-framework/src/Quasar/Di/Context.php(303): Quasar\Di\Context->pickFactory('App\Controller\...', Array)
#1 /home/sasquatch/www/la-rocca/vendor/quasar-framework/quasar-framework/src/Quasar/Di/Container.php(329): Quasar\Di\Context->create('App\Controller\...')
#2 /home/sasquatch/www/la-rocca/vendor/quasar-framework/quasar-framework/src/Quasar/Controller/Controller.php(290): Quasar\Di\Container->create('App\Controller\...')
#3 /home/sasquatch/www/la-rocca/vendor/quasar-framework/quasar-framework/src/Quasar/Controller/Controller.php(298): Quasar\Controller\Controller->forward(Object(Quasar\Dispatcher\Request\Query\Query))
#4 /home/sasquatch/www/la-rocca/vendor/quasar-framework/quasar-framework/src/Quasar/Dispatcher/Dispatcher.php(132) in /home/sasquatch/www/la-rocca/vendor/quasar-framework/quasar-framework/src/Quasar/Di/Context.php on line 339
[16-Sep-2012 17:37:18 UTC] PHP Fatal error:  Uncaught exception 'Quasar\Di\DiException' with message 'Cannot find implementation of App\Controller\Index\Record' in /home/sasquatch/www/la-rocca/vendor/quasar-framework/quasar-framework/src/Quasar/Di/Context.php:339
Stack trace:
#0 /home/sasquatch/www/la-rocca/vendor/quasar-framework/quasar-framework/src/Quasar/Di/Context.php(303): Quasar\Di\Context->pickFactory('App\Controller\...', Array)
#1 /home/sasquatch/www/la-rocca/vendor/quasar-framework/quasar-framework/src/Quasar/Di/Container.php(329): Quasar\Di\Context->create('App\Controller\...')
#2 /home/sasquatch/www/la-rocca/vendor/quasar-framework/quasar-framework/src/Quasar/Controller/Controller.php(290): Quasar\Di\Container->create('App\Controller\...')
#3 /home/sasquatch/www/la-rocca/vendor/quasar-framework/quasar-framework/src/Quasar/Dispatcher/Dispatcher.php(132): Quasar\Controller\Controller->forward()
#4 /home/sasquatch/www/la-rocca/configs/bootstrap.php(32): Quasar\Dispatcher\Dispatcher->dispatch()
#5 /home/sasquatch/www/la-rocca/public_html/index. in /home/sasquatch/www/la-rocca/vendor/quasar-framework/quasar-framework/src/Quasar/Di/Context.php on line 339
[16-Sep-2012 17:37:18 UTC] PHP Fatal error:  Uncaught exception 'Quasar\Di\DiException' with message 'Cannot find implementation of App\Controller\Index\Record' in /home/sasquatch/www/la-rocca/vendor/quasar-framework/quasar-framework/src/Quasar/Di/Context.php:339
Stack trace:
#0 /home/sasquatch/www/la-rocca/vendor/quasar-framework/quasar-framework/src/Quasar/Di/Context.php(303): Quasar\Di\Context->pickFactory('App\Controller\...', Array)
#1 /home/sasquatch/www/la-rocca/vendor/quasar-framework/quasar-framework/src/Quasar/Di/Container.php(329): Quasar\Di\Context->create('App\Controller\...')
#2 /home/sasquatch/www/la-rocca/vendor/quasar-framework/quasar-framework/src/Quasar/Controller/Controller.php(290): Quasar\Di\Container->create('App\Controller\...')
#3 /home/sasquatch/www/la-rocca/vendor/quasar-framework/quasar-framework/src/Quasar/Dispatcher/Dispatcher.php(132): Quasar\Controller\Controller->forward()
#4 /home/sasquatch/www/la-rocca/configs/bootstrap.php(32): Quasar\Dispatcher\Dispatcher->dispatch()
#5 /home/sasquatch/www/la-rocca/public_html/index. in /home/sasquatch/www/la-rocca/vendor/quasar-framework/quasar-framework/src/Quasar/Di/Context.php on line 339
[16-Sep-2012 17:37:31 UTC] PHP Fatal error:  Uncaught exception 'Quasar\Di\DiException' with message 'Cannot find implementation of App\Controller\Index\Record' in /home/sasquatch/www/la-rocca/vendor/quasar-framework/quasar-framework/src/Quasar/Di/Context.php:339
Stack trace:
#0 /home/sasquatch/www/la-rocca/vendor/quasar-framework/quasar-framework/src/Quasar/Di/Context.php(303): Quasar\Di\Context->pickFactory('App\Controller\...', Array)
#1 /home/sasquatch/www/la-rocca/vendor/quasar-framework/quasar-framework/src/Quasar/Di/Container.php(329): Quasar\Di\Context->create('App\Controller\...')
#2 /home/sasquatch/www/la-rocca/vendor/quasar-framework/quasar-framework/src/Quasar/Controller/Controller.php(290): Quasar\Di\Container->create('App\Controller\...')
#3 /home/sasquatch/www/la-rocca/vendor/quasar-framework/quasar-framework/src/Quasar/Dispatcher/Dispatcher.php(132): Quasar\Controller\Controller->forward()
#4 /home/sasquatch/www/la-rocca/configs/bootstrap.php(32): Quasar\Dispatcher\Dispatcher->dispatch()
#5 /home/sasquatch/www/la-rocca/public_html/index. in /home/sasquatch/www/la-rocca/vendor/quasar-framework/quasar-framework/src/Quasar/Di/Context.php on line 339
[16-Sep-2012 17:49:34 UTC] PHP Fatal error:  Uncaught exception 'Quasar\Di\DiException' with message 'Cannot find implementation of App\Controller\Index\Record' in /home/sasquatch/www/la-rocca/vendor/quasar-framework/quasar-framework/src/Quasar/Di/Context.php:339
Stack trace:
#0 /home/sasquatch/www/la-rocca/vendor/quasar-framework/quasar-framework/src/Quasar/Di/Context.php(303): Quasar\Di\Context->pickFactory('App\Controller\...', Array)
#1 /home/sasquatch/www/la-rocca/vendor/quasar-framework/quasar-framework/src/Quasar/Di/Container.php(329): Quasar\Di\Context->create('App\Controller\...')
#2 /home/sasquatch/www/la-rocca/vendor/quasar-framework/quasar-framework/src/Quasar/Controller/Controller.php(290): Quasar\Di\Container->create('App\Controller\...')
#3 /home/sasquatch/www/la-rocca/vendor/quasar-framework/quasar-framework/src/Quasar/Dispatcher/Dispatcher.php(132): Quasar\Controller\Controller->forward()
#4 /home/sasquatch/www/la-rocca/configs/bootstrap.php(32): Quasar\Dispatcher\Dispatcher->dispatch()
#5 /home/sasquatch/www/la-rocca/public_html/index. in /home/sasquatch/www/la-rocca/vendor/quasar-framework/quasar-framework/src/Quasar/Di/Context.php on line 339
[16-Sep-2012 18:46:09 UTC] PHP Fatal error:  Uncaught exception 'Quasar\View\Renderer\RendererException' with message 'Script 'add.phtml' not found' in /home/sasquatch/www/la-rocca/vendor/quasar-framework/quasar-framework/src/Quasar/View/Renderer/Renderer.php:114
Stack trace:
#0 /home/sasquatch/www/la-rocca/vendor/quasar-framework/quasar-framework/src/Quasar/View/Renderer/Renderer.php(266): Quasar\View\Renderer\Renderer->chooseScriptPath('add.phtml')
#1 /home/sasquatch/www/la-rocca/vendor/quasar-framework/quasar-framework/src/Quasar/Dispatcher/Response/Decorator/Renderer.php(141): Quasar\View\Renderer\Renderer->render('add.phtml')
#2 /home/sasquatch/www/la-rocca/vendor/quasar-framework/quasar-framework/src/Quasar/Dispatcher/Response/Response.php(491): Quasar\Dispatcher\Response\Decorator\Renderer->decorate('')
#3 /home/sasquatch/www/la-rocca/vendor/quasar-framework/quasar-framework/src/Quasar/Dispatcher/Dispatcher.php(145): Quasar\Dispatcher\Response\Response->output()
#4 /home/sasquatch/www/la-rocca/configs/bootstrap.php(32): Quasar\Dispatcher\Dispatch in /home/sasquatch/www/la-rocca/vendor/quasar-framework/quasar-framework/src/Quasar/View/Renderer/Renderer.php on line 114
[16-Sep-2012 18:46:15 UTC] PHP Fatal error:  Uncaught exception 'Quasar\View\Renderer\RendererException' with message 'Script 'add.phtml' not found' in /home/sasquatch/www/la-rocca/vendor/quasar-framework/quasar-framework/src/Quasar/View/Renderer/Renderer.php:114
Stack trace:
#0 /home/sasquatch/www/la-rocca/vendor/quasar-framework/quasar-framework/src/Quasar/View/Renderer/Renderer.php(266): Quasar\View\Renderer\Renderer->chooseScriptPath('add.phtml')
#1 /home/sasquatch/www/la-rocca/vendor/quasar-framework/quasar-framework/src/Quasar/Dispatcher/Response/Decorator/Renderer.php(141): Quasar\View\Renderer\Renderer->render('add.phtml')
#2 /home/sasquatch/www/la-rocca/vendor/quasar-framework/quasar-framework/src/Quasar/Dispatcher/Response/Response.php(491): Quasar\Dispatcher\Response\Decorator\Renderer->decorate('')
#3 /home/sasquatch/www/la-rocca/vendor/quasar-framework/quasar-framework/src/Quasar/Dispatcher/Dispatcher.php(145): Quasar\Dispatcher\Response\Response->output()
#4 /home/sasquatch/www/la-rocca/configs/bootstrap.php(32): Quasar\Dispatcher\Dispatch in /home/sasquatch/www/la-rocca/vendor/quasar-framework/quasar-framework/src/Quasar/View/Renderer/Renderer.php on line 114
[16-Sep-2012 18:46:50 UTC] PHP Fatal error:  Uncaught exception 'Quasar\View\Renderer\RendererException' with message 'Script 'add.phtml' not found' in /home/sasquatch/www/la-rocca/vendor/quasar-framework/quasar-framework/src/Quasar/View/Renderer/Renderer.php:114
Stack trace:
#0 /home/sasquatch/www/la-rocca/vendor/quasar-framework/quasar-framework/src/Quasar/View/Renderer/Renderer.php(266): Quasar\View\Renderer\Renderer->chooseScriptPath('add.phtml')
#1 /home/sasquatch/www/la-rocca/vendor/quasar-framework/quasar-framework/src/Quasar/Dispatcher/Response/Decorator/Renderer.php(141): Quasar\View\Renderer\Renderer->render('add.phtml')
#2 /home/sasquatch/www/la-rocca/vendor/quasar-framework/quasar-framework/src/Quasar/Dispatcher/Response/Response.php(491): Quasar\Dispatcher\Response\Decorator\Renderer->decorate('')
#3 /home/sasquatch/www/la-rocca/vendor/quasar-framework/quasar-framework/src/Quasar/Dispatcher/Dispatcher.php(145): Quasar\Dispatcher\Response\Response->output()
#4 /home/sasquatch/www/la-rocca/configs/bootstrap.php(32): Quasar\Dispatcher\Dispatch in /home/sasquatch/www/la-rocca/vendor/quasar-framework/quasar-framework/src/Quasar/View/Renderer/Renderer.php on line 114
[16-Sep-2012 19:33:49 UTC] PHP Fatal error:  Uncaught exception 'Quasar\View\Renderer\RendererException' with message 'Script 'app/controller/record/add.phtml' not found' in /home/sasquatch/www/la-rocca/vendor/quasar-framework/quasar-framework/src/Quasar/View/Renderer/Renderer.php:114
Stack trace:
#0 /home/sasquatch/www/la-rocca/vendor/quasar-framework/quasar-framework/src/Quasar/View/Renderer/Renderer.php(266): Quasar\View\Renderer\Renderer->chooseScriptPath('app/controller/...')
#1 /home/sasquatch/www/la-rocca/vendor/quasar-framework/quasar-framework/src/Quasar/Dispatcher/Response/Decorator/Renderer.php(141): Quasar\View\Renderer\Renderer->render('app/controller/...')
#2 /home/sasquatch/www/la-rocca/vendor/quasar-framework/quasar-framework/src/Quasar/Dispatcher/Response/Response.php(491): Quasar\Dispatcher\Response\Decorator\Renderer->decorate('')
#3 /home/sasquatch/www/la-rocca/vendor/quasar-framework/quasar-framework/src/Quasar/Dispatcher/Dispatcher.php(145): Quasar\Dispatcher\Response\Response->output()
#4 /home/sasquatch/www/la-rocca/configs/boots in /home/sasquatch/www/la-rocca/vendor/quasar-framework/quasar-framework/src/Quasar/View/Renderer/Renderer.php on line 114
[16-Sep-2012 19:41:41 UTC] PHP Warning:  Exception caught by form: ViewHelper decorator cannot render without a registered view object
Stack Trace:
#0 /home/sasquatch/www/la-rocca/vendor/breerly/zf1/library/Zend/Form/Element.php(2043): Zend_Form_Decorator_ViewHelper->render('')
#1 /home/sasquatch/www/la-rocca/vendor/breerly/zf1/library/Zend/Form/Decorator/FormElements.php(111): Zend_Form_Element->render()
#2 /home/sasquatch/www/la-rocca/vendor/breerly/zf1/library/Zend/Form.php(2904): Zend_Form_Decorator_FormElements->render('')
#3 /home/sasquatch/www/la-rocca/vendor/breerly/zf1/library/Zend/Form.php(2920): Zend_Form->render()
#4 /home/sasquatch/www/la-rocca/src/App/views/templates/record/add.phtml(2): Zend_Form->__toString()
#5 /home/sasquatch/www/la-rocca/vendor/quasar-framework/quasar-framework/src/Quasar/View/Renderer/Renderer.php(268): include('/home/sasquatch...')
#6 /home/sasquatch/www/la-rocca/vendor/quasar-framework/quasar-framework/src/Quasar/Dispatcher/Response/Decorator/Renderer.php(141): Quasar\View\Renderer\Renderer->render('/record/add in /home/sasquatch/www/la-rocca/vendor/breerly/zf1/library/Zend/Form.php on line 2925
[16-Sep-2012 19:41:41 UTC] PHP Stack trace:
[16-Sep-2012 19:41:41 UTC] PHP   1. {main}() /home/sasquatch/www/la-rocca/public_html/index.php:0
[16-Sep-2012 19:41:41 UTC] PHP   2. require_once() /home/sasquatch/www/la-rocca/public_html/index.php:7
[16-Sep-2012 19:41:41 UTC] PHP   3. Quasar\Dispatcher\Dispatcher->output() /home/sasquatch/www/la-rocca/configs/bootstrap.php:32
[16-Sep-2012 19:41:41 UTC] PHP   4. Quasar\Dispatcher\Response\Response->output() /home/sasquatch/www/la-rocca/vendor/quasar-framework/quasar-framework/src/Quasar/Dispatcher/Dispatcher.php:145
[16-Sep-2012 19:41:41 UTC] PHP   5. Quasar\Dispatcher\Response\Decorator\Renderer->decorate() /home/sasquatch/www/la-rocca/vendor/quasar-framework/quasar-framework/src/Quasar/Dispatcher/Response/Response.php:491
[16-Sep-2012 19:41:41 UTC] PHP   6. Quasar\View\Renderer\Renderer->render() /home/sasquatch/www/la-rocca/vendor/quasar-framework/quasar-framework/src/Quasar/Dispatcher/Response/Decorator/Renderer.php:141
[16-Sep-2012 19:41:41 UTC] PHP   7. include() /home/sasquatch/www/la-rocca/vendor/quasar-framework/quasar-framework/src/Quasar/View/Renderer/Renderer.php:268
[16-Sep-2012 19:41:41 UTC] PHP   8. Zend_Form->__toString() /home/sasquatch/www/la-rocca/vendor/quasar-framework/quasar-framework/src/Quasar/View/Renderer/Renderer.php:2
[16-Sep-2012 19:41:41 UTC] PHP   9. trigger_error() /home/sasquatch/www/la-rocca/vendor/breerly/zf1/library/Zend/Form.php:2925
[16-Sep-2012 19:45:46 UTC] PHP Warning:  Exception caught by form: ViewHelper decorator cannot render without a registered view object
Stack Trace:
#0 /home/sasquatch/www/la-rocca/vendor/breerly/zf1/library/Zend/Form/Element.php(2043): Zend_Form_Decorator_ViewHelper->render('')
#1 /home/sasquatch/www/la-rocca/vendor/breerly/zf1/library/Zend/Form/Decorator/FormElements.php(111): Zend_Form_Element->render()
#2 /home/sasquatch/www/la-rocca/vendor/breerly/zf1/library/Zend/Form.php(2904): Zend_Form_Decorator_FormElements->render('')
#3 /home/sasquatch/www/la-rocca/vendor/breerly/zf1/library/Zend/Form.php(2920): Zend_Form->render()
#4 /home/sasquatch/www/la-rocca/src/App/views/templates/record/add.phtml(2): Zend_Form->__toString()
#5 /home/sasquatch/www/la-rocca/vendor/quasar-framework/quasar-framework/src/Quasar/View/Renderer/Renderer.php(268): include('/home/sasquatch...')
#6 /home/sasquatch/www/la-rocca/vendor/quasar-framework/quasar-framework/src/Quasar/Dispatcher/Response/Decorator/Renderer.php(141): Quasar\View\Renderer\Renderer->render('/record/add in /home/sasquatch/www/la-rocca/vendor/breerly/zf1/library/Zend/Form.php on line 2925
[16-Sep-2012 19:45:46 UTC] PHP Stack trace:
[16-Sep-2012 19:45:46 UTC] PHP   1. {main}() /home/sasquatch/www/la-rocca/public_html/index.php:0
[16-Sep-2012 19:45:46 UTC] PHP   2. require_once() /home/sasquatch/www/la-rocca/public_html/index.php:7
[16-Sep-2012 19:45:46 UTC] PHP   3. Quasar\Dispatcher\Dispatcher->output() /home/sasquatch/www/la-rocca/configs/bootstrap.php:32
[16-Sep-2012 19:45:46 UTC] PHP   4. Quasar\Dispatcher\Response\Response->output() /home/sasquatch/www/la-rocca/vendor/quasar-framework/quasar-framework/src/Quasar/Dispatcher/Dispatcher.php:145
[16-Sep-2012 19:45:46 UTC] PHP   5. Quasar\Dispatcher\Response\Decorator\Renderer->decorate() /home/sasquatch/www/la-rocca/vendor/quasar-framework/quasar-framework/src/Quasar/Dispatcher/Response/Response.php:491
[16-Sep-2012 19:45:46 UTC] PHP   6. Quasar\View\Renderer\Renderer->render() /home/sasquatch/www/la-rocca/vendor/quasar-framework/quasar-framework/src/Quasar/Dispatcher/Response/Decorator/Renderer.php:141
[16-Sep-2012 19:45:46 UTC] PHP   7. include() /home/sasquatch/www/la-rocca/vendor/quasar-framework/quasar-framework/src/Quasar/View/Renderer/Renderer.php:268
[16-Sep-2012 19:45:46 UTC] PHP   8. Zend_Form->__toString() /home/sasquatch/www/la-rocca/vendor/quasar-framework/quasar-framework/src/Quasar/View/Renderer/Renderer.php:2
[16-Sep-2012 19:45:46 UTC] PHP   9. trigger_error() /home/sasquatch/www/la-rocca/vendor/breerly/zf1/library/Zend/Form.php:2925
[16-Sep-2012 19:54:31 UTC] PHP Warning:  Exception caught by form: ViewHelper decorator cannot render without a registered view object
Stack Trace:
#0 /home/sasquatch/www/la-rocca/vendor/breerly/zf1/library/Zend/Form/Element.php(2043): Zend_Form_Decorator_ViewHelper->render('')
#1 /home/sasquatch/www/la-rocca/vendor/breerly/zf1/library/Zend/Form/Decorator/FormElements.php(111): Zend_Form_Element->render()
#2 /home/sasquatch/www/la-rocca/vendor/breerly/zf1/library/Zend/Form.php(2904): Zend_Form_Decorator_FormElements->render('')
#3 /home/sasquatch/www/la-rocca/vendor/breerly/zf1/library/Zend/Form.php(2920): Zend_Form->render()
#4 /home/sasquatch/www/la-rocca/src/App/views/templates/record/add.phtml(2): Zend_Form->__toString()
#5 /home/sasquatch/www/la-rocca/vendor/quasar-framework/quasar-framework/src/Quasar/View/Renderer/Renderer.php(268): include('/home/sasquatch...')
#6 /home/sasquatch/www/la-rocca/vendor/quasar-framework/quasar-framework/src/Quasar/Dispatcher/Response/Decorator/Renderer.php(141): Quasar\View\Renderer\Renderer->render('/record/add in /home/sasquatch/www/la-rocca/vendor/breerly/zf1/library/Zend/Form.php on line 2925
[16-Sep-2012 19:54:31 UTC] PHP Stack trace:
[16-Sep-2012 19:54:31 UTC] PHP   1. {main}() /home/sasquatch/www/la-rocca/public_html/index.php:0
[16-Sep-2012 19:54:31 UTC] PHP   2. require_once() /home/sasquatch/www/la-rocca/public_html/index.php:7
[16-Sep-2012 19:54:31 UTC] PHP   3. Quasar\Dispatcher\Dispatcher->output() /home/sasquatch/www/la-rocca/configs/bootstrap.php:32
[16-Sep-2012 19:54:31 UTC] PHP   4. Quasar\Dispatcher\Response\Response->output() /home/sasquatch/www/la-rocca/vendor/quasar-framework/quasar-framework/src/Quasar/Dispatcher/Dispatcher.php:145
[16-Sep-2012 19:54:31 UTC] PHP   5. Quasar\Dispatcher\Response\Decorator\Renderer->decorate() /home/sasquatch/www/la-rocca/vendor/quasar-framework/quasar-framework/src/Quasar/Dispatcher/Response/Response.php:491
[16-Sep-2012 19:54:31 UTC] PHP   6. Quasar\View\Renderer\Renderer->render() /home/sasquatch/www/la-rocca/vendor/quasar-framework/quasar-framework/src/Quasar/Dispatcher/Response/Decorator/Renderer.php:141
[16-Sep-2012 19:54:31 UTC] PHP   7. include() /home/sasquatch/www/la-rocca/vendor/quasar-framework/quasar-framework/src/Quasar/View/Renderer/Renderer.php:268
[16-Sep-2012 19:54:31 UTC] PHP   8. Zend_Form->__toString() /home/sasquatch/www/la-rocca/vendor/quasar-framework/quasar-framework/src/Quasar/View/Renderer/Renderer.php:2
[16-Sep-2012 19:54:31 UTC] PHP   9. trigger_error() /home/sasquatch/www/la-rocca/vendor/breerly/zf1/library/Zend/Form.php:2925
[16-Sep-2012 20:00:02 UTC] PHP Warning:  Exception caught by form: ViewHelper decorator cannot render without a registered view object
Stack Trace:
#0 /home/sasquatch/www/la-rocca/vendor/breerly/zf1/library/Zend/Form/Element.php(2043): Zend_Form_Decorator_ViewHelper->render('')
#1 /home/sasquatch/www/la-rocca/vendor/breerly/zf1/library/Zend/Form/Decorator/FormElements.php(111): Zend_Form_Element->render()
#2 /home/sasquatch/www/la-rocca/vendor/breerly/zf1/library/Zend/Form.php(2904): Zend_Form_Decorator_FormElements->render('')
#3 /home/sasquatch/www/la-rocca/vendor/breerly/zf1/library/Zend/Form.php(2920): Zend_Form->render()
#4 /home/sasquatch/www/la-rocca/src/App/views/templates/record/add.phtml(2): Zend_Form->__toString()
#5 /home/sasquatch/www/la-rocca/vendor/quasar-framework/quasar-framework/src/Quasar/View/Renderer/Renderer.php(268): include('/home/sasquatch...')
#6 /home/sasquatch/www/la-rocca/vendor/quasar-framework/quasar-framework/src/Quasar/Dispatcher/Response/Decorator/Renderer.php(141): Quasar\View\Renderer\Renderer->render('/record/add in /home/sasquatch/www/la-rocca/vendor/breerly/zf1/library/Zend/Form.php on line 2925
[16-Sep-2012 20:00:02 UTC] PHP Stack trace:
[16-Sep-2012 20:00:02 UTC] PHP   1. {main}() /home/sasquatch/www/la-rocca/public_html/index.php:0
[16-Sep-2012 20:00:02 UTC] PHP   2. require_once() /home/sasquatch/www/la-rocca/public_html/index.php:7
[16-Sep-2012 20:00:02 UTC] PHP   3. Quasar\Dispatcher\Dispatcher->output() /home/sasquatch/www/la-rocca/configs/bootstrap.php:32
[16-Sep-2012 20:00:02 UTC] PHP   4. Quasar\Dispatcher\Response\Response->output() /home/sasquatch/www/la-rocca/vendor/quasar-framework/quasar-framework/src/Quasar/Dispatcher/Dispatcher.php:145
[16-Sep-2012 20:00:02 UTC] PHP   5. Quasar\Dispatcher\Response\Decorator\Renderer->decorate() /home/sasquatch/www/la-rocca/vendor/quasar-framework/quasar-framework/src/Quasar/Dispatcher/Response/Response.php:491
[16-Sep-2012 20:00:02 UTC] PHP   6. Quasar\View\Renderer\Renderer->render() /home/sasquatch/www/la-rocca/vendor/quasar-framework/quasar-framework/src/Quasar/Dispatcher/Response/Decorator/Renderer.php:141
[16-Sep-2012 20:00:02 UTC] PHP   7. include() /home/sasquatch/www/la-rocca/vendor/quasar-framework/quasar-framework/src/Quasar/View/Renderer/Renderer.php:268
[16-Sep-2012 20:00:02 UTC] PHP   8. Zend_Form->__toString() /home/sasquatch/www/la-rocca/vendor/quasar-framework/quasar-framework/src/Quasar/View/Renderer/Renderer.php:2
[16-Sep-2012 20:00:02 UTC] PHP   9. trigger_error() /home/sasquatch/www/la-rocca/vendor/breerly/zf1/library/Zend/Form.php:2925
[16-Sep-2012 20:01:17 UTC] PHP Warning:  Exception caught by form: ViewHelper decorator cannot render without a registered view object
Stack Trace:
#0 /home/sasquatch/www/la-rocca/vendor/breerly/zf1/library/Zend/Form/Element.php(2043): Zend_Form_Decorator_ViewHelper->render('')
#1 /home/sasquatch/www/la-rocca/vendor/breerly/zf1/library/Zend/Form/Decorator/FormElements.php(111): Zend_Form_Element->render()
#2 /home/sasquatch/www/la-rocca/vendor/breerly/zf1/library/Zend/Form.php(2904): Zend_Form_Decorator_FormElements->render('')
#3 /home/sasquatch/www/la-rocca/vendor/breerly/zf1/library/Zend/Form.php(2920): Zend_Form->render()
#4 /home/sasquatch/www/la-rocca/src/App/views/templates/record/add.phtml(2): Zend_Form->__toString()
#5 /home/sasquatch/www/la-rocca/vendor/quasar-framework/quasar-framework/src/Quasar/View/Renderer/Renderer.php(268): include('/home/sasquatch...')
#6 /home/sasquatch/www/la-rocca/vendor/quasar-framework/quasar-framework/src/Quasar/Dispatcher/Response/Decorator/Renderer.php(141): Quasar\View\Renderer\Renderer->render('/record/add in /home/sasquatch/www/la-rocca/vendor/breerly/zf1/library/Zend/Form.php on line 2925
[16-Sep-2012 20:01:17 UTC] PHP Stack trace:
[16-Sep-2012 20:01:17 UTC] PHP   1. {main}() /home/sasquatch/www/la-rocca/public_html/index.php:0
[16-Sep-2012 20:01:17 UTC] PHP   2. require_once() /home/sasquatch/www/la-rocca/public_html/index.php:7
[16-Sep-2012 20:01:17 UTC] PHP   3. Quasar\Dispatcher\Dispatcher->output() /home/sasquatch/www/la-rocca/configs/bootstrap.php:32
[16-Sep-2012 20:01:17 UTC] PHP   4. Quasar\Dispatcher\Response\Response->output() /home/sasquatch/www/la-rocca/vendor/quasar-framework/quasar-framework/src/Quasar/Dispatcher/Dispatcher.php:145
[16-Sep-2012 20:01:17 UTC] PHP   5. Quasar\Dispatcher\Response\Decorator\Renderer->decorate() /home/sasquatch/www/la-rocca/vendor/quasar-framework/quasar-framework/src/Quasar/Dispatcher/Response/Response.php:491
[16-Sep-2012 20:01:17 UTC] PHP   6. Quasar\View\Renderer\Renderer->render() /home/sasquatch/www/la-rocca/vendor/quasar-framework/quasar-framework/src/Quasar/Dispatcher/Response/Decorator/Renderer.php:141
[16-Sep-2012 20:01:17 UTC] PHP   7. include() /home/sasquatch/www/la-rocca/vendor/quasar-framework/quasar-framework/src/Quasar/View/Renderer/Renderer.php:268
[16-Sep-2012 20:01:17 UTC] PHP   8. Zend_Form->__toString() /home/sasquatch/www/la-rocca/vendor/quasar-framework/quasar-framework/src/Quasar/View/Renderer/Renderer.php:2
[16-Sep-2012 20:01:17 UTC] PHP   9. trigger_error() /home/sasquatch/www/la-rocca/vendor/breerly/zf1/library/Zend/Form.php:2925
[16-Sep-2012 20:01:50 UTC] PHP Fatal error:  Call to a member function execute() on a non-object in /home/sasquatch/www/la-rocca/vendor/quasar-framework/quasar-framework/src/Quasar/Dispatcher/Dispatcher.php on line 133
[16-Sep-2012 20:01:50 UTC] PHP Stack trace:
[16-Sep-2012 20:01:50 UTC] PHP   1. {main}() /home/sasquatch/www/la-rocca/public_html/index.php:0
[16-Sep-2012 20:01:50 UTC] PHP   2. require_once() /home/sasquatch/www/la-rocca/public_html/index.php:7
[16-Sep-2012 20:01:50 UTC] PHP   3. Quasar\Dispatcher\Dispatcher->dispatch() /home/sasquatch/www/la-rocca/configs/bootstrap.php:32
[16-Sep-2012 20:01:50 UTC] PHP Fatal error:  Call to a member function execute() on a non-object in /home/sasquatch/www/la-rocca/vendor/quasar-framework/quasar-framework/src/Quasar/Dispatcher/Dispatcher.php on line 133
[16-Sep-2012 20:01:50 UTC] PHP Stack trace:
[16-Sep-2012 20:01:50 UTC] PHP   1. {main}() /home/sasquatch/www/la-rocca/public_html/index.php:0
[16-Sep-2012 20:01:50 UTC] PHP   2. require_once() /home/sasquatch/www/la-rocca/public_html/index.php:7
[16-Sep-2012 20:01:50 UTC] PHP   3. Quasar\Dispatcher\Dispatcher->dispatch() /home/sasquatch/www/la-rocca/configs/bootstrap.php:32
[16-Sep-2012 20:01:51 UTC] PHP Fatal error:  Call to a member function execute() on a non-object in /home/sasquatch/www/la-rocca/vendor/quasar-framework/quasar-framework/src/Quasar/Dispatcher/Dispatcher.php on line 133
[16-Sep-2012 20:01:51 UTC] PHP Stack trace:
[16-Sep-2012 20:01:51 UTC] PHP   1. {main}() /home/sasquatch/www/la-rocca/public_html/index.php:0
[16-Sep-2012 20:01:51 UTC] PHP   2. require_once() /home/sasquatch/www/la-rocca/public_html/index.php:7
[16-Sep-2012 20:01:51 UTC] PHP   3. Quasar\Dispatcher\Dispatcher->dispatch() /home/sasquatch/www/la-rocca/configs/bootstrap.php:32
[16-Sep-2012 20:01:51 UTC] PHP Fatal error:  Call to a member function execute() on a non-object in /home/sasquatch/www/la-rocca/vendor/quasar-framework/quasar-framework/src/Quasar/Dispatcher/Dispatcher.php on line 133
[16-Sep-2012 20:01:51 UTC] PHP Stack trace:
[16-Sep-2012 20:01:51 UTC] PHP   1. {main}() /home/sasquatch/www/la-rocca/public_html/index.php:0
[16-Sep-2012 20:01:51 UTC] PHP   2. require_once() /home/sasquatch/www/la-rocca/public_html/index.php:7
[16-Sep-2012 20:01:51 UTC] PHP   3. Quasar\Dispatcher\Dispatcher->dispatch() /home/sasquatch/www/la-rocca/configs/bootstrap.php:32
[16-Sep-2012 20:01:51 UTC] PHP Fatal error:  Call to a member function execute() on a non-object in /home/sasquatch/www/la-rocca/vendor/quasar-framework/quasar-framework/src/Quasar/Dispatcher/Dispatcher.php on line 133
[16-Sep-2012 20:01:51 UTC] PHP Stack trace:
[16-Sep-2012 20:01:51 UTC] PHP   1. {main}() /home/sasquatch/www/la-rocca/public_html/index.php:0
[16-Sep-2012 20:01:51 UTC] PHP   2. require_once() /home/sasquatch/www/la-rocca/public_html/index.php:7
[16-Sep-2012 20:01:51 UTC] PHP   3. Quasar\Dispatcher\Dispatcher->dispatch() /home/sasquatch/www/la-rocca/configs/bootstrap.php:32
[16-Sep-2012 20:01:51 UTC] PHP Fatal error:  Call to a member function execute() on a non-object in /home/sasquatch/www/la-rocca/vendor/quasar-framework/quasar-framework/src/Quasar/Dispatcher/Dispatcher.php on line 133
[16-Sep-2012 20:01:51 UTC] PHP Stack trace:
[16-Sep-2012 20:01:51 UTC] PHP   1. {main}() /home/sasquatch/www/la-rocca/public_html/index.php:0
[16-Sep-2012 20:01:51 UTC] PHP   2. require_once() /home/sasquatch/www/la-rocca/public_html/index.php:7
[16-Sep-2012 20:01:51 UTC] PHP   3. Quasar\Dispatcher\Dispatcher->dispatch() /home/sasquatch/www/la-rocca/configs/bootstrap.php:32
[16-Sep-2012 20:01:51 UTC] PHP Fatal error:  Call to a member function execute() on a non-object in /home/sasquatch/www/la-rocca/vendor/quasar-framework/quasar-framework/src/Quasar/Dispatcher/Dispatcher.php on line 133
[16-Sep-2012 20:01:51 UTC] PHP Stack trace:
[16-Sep-2012 20:01:51 UTC] PHP   1. {main}() /home/sasquatch/www/la-rocca/public_html/index.php:0
[16-Sep-2012 20:01:51 UTC] PHP   2. require_once() /home/sasquatch/www/la-rocca/public_html/index.php:7
[16-Sep-2012 20:01:51 UTC] PHP   3. Quasar\Dispatcher\Dispatcher->dispatch() /home/sasquatch/www/la-rocca/configs/bootstrap.php:32
[16-Sep-2012 20:01:51 UTC] PHP Fatal error:  Call to a member function execute() on a non-object in /home/sasquatch/www/la-rocca/vendor/quasar-framework/quasar-framework/src/Quasar/Dispatcher/Dispatcher.php on line 133
[16-Sep-2012 20:01:51 UTC] PHP Stack trace:
[16-Sep-2012 20:01:51 UTC] PHP   1. {main}() /home/sasquatch/www/la-rocca/public_html/index.php:0
[16-Sep-2012 20:01:51 UTC] PHP   2. require_once() /home/sasquatch/www/la-rocca/public_html/index.php:7
[16-Sep-2012 20:01:51 UTC] PHP   3. Quasar\Dispatcher\Dispatcher->dispatch() /home/sasquatch/www/la-rocca/configs/bootstrap.php:32
[16-Sep-2012 21:04:17 UTC] PHP Fatal error:  Uncaught exception 'PDOException' with message 'SQLSTATE[42S02]: Base table or view not found: 1146 Table 'test.call_records' doesn't exist' in /home/sasquatch/www/la-rocca/vendor/doctrine/dbal/lib/Doctrine/DBAL/Connection.php:754
Stack trace:
#0 /home/sasquatch/www/la-rocca/vendor/doctrine/dbal/lib/Doctrine/DBAL/Connection.php(754): PDOStatement->execute(Array)
#1 /home/sasquatch/www/la-rocca/vendor/doctrine/dbal/lib/Doctrine/DBAL/Connection.php(525): Doctrine\DBAL\Connection->executeUpdate('INSERT INTO cal...', Array, Array)
#2 /home/sasquatch/www/la-rocca/vendor/quasar-framework/quasar-framework/src/Quasar/Db/TableGateway/TableGateway.php(225): Doctrine\DBAL\Connection->insert('call_records', Array, Array)
#3 /home/sasquatch/www/la-rocca/src/App/Mapper/CallRecords.php(40): Quasar\Db\TableGateway\TableGateway->insert(Array)
#4 /home/sasquatch/www/la-rocca/src/App/Controller/Record/Add.php(40): App\Mapper\CallRecords->insert(Object(App\Model\CallRecordEntity))
#5 /home/sasquatch/www/la-rocca/vendor/quasar-fr in /home/sasquatch/www/la-rocca/vendor/doctrine/dbal/lib/Doctrine/DBAL/Connection.php on line 754
[16-Sep-2012 21:08:30 UTC] PHP Fatal error:  Uncaught exception 'Quasar\Di\DiException' with message 'Cannot find implementation of App\Controller\Record\Index.html' in /home/sasquatch/www/la-rocca/vendor/quasar-framework/quasar-framework/src/Quasar/Di/Context.php:339
Stack trace:
#0 /home/sasquatch/www/la-rocca/vendor/quasar-framework/quasar-framework/src/Quasar/Di/Context.php(303): Quasar\Di\Context->pickFactory('App\Controller\...', Array)
#1 /home/sasquatch/www/la-rocca/vendor/quasar-framework/quasar-framework/src/Quasar/Di/Container.php(329): Quasar\Di\Context->create('App\Controller\...')
#2 /home/sasquatch/www/la-rocca/vendor/quasar-framework/quasar-framework/src/Quasar/Controller/Controller.php(305): Quasar\Di\Container->create('App\Controller\...')
#3 /home/sasquatch/www/la-rocca/vendor/quasar-framework/quasar-framework/src/Quasar/Controller/Controller.php(344): Quasar\Controller\Controller->createController('index.html')
#4 /home/sasquatch/www/la-rocca/vendor/quasar-framework/quasar-framework/src/Quasar/Controller/Controller.php(346): Quasar\C in /home/sasquatch/www/la-rocca/vendor/quasar-framework/quasar-framework/src/Quasar/Di/Context.php on line 339
[16-Sep-2012 21:08:42 UTC] PHP Fatal error:  Uncaught exception 'Quasar\View\Renderer\RendererException' with message 'Script '/record.phtml' not found' in /home/sasquatch/www/la-rocca/vendor/quasar-framework/quasar-framework/src/Quasar/View/Renderer/Renderer.php:114
Stack trace:
#0 /home/sasquatch/www/la-rocca/vendor/quasar-framework/quasar-framework/src/Quasar/View/Renderer/Renderer.php(266): Quasar\View\Renderer\Renderer->chooseScriptPath('/record.phtml')
#1 /home/sasquatch/www/la-rocca/vendor/quasar-framework/quasar-framework/src/Quasar/Dispatcher/Response/Decorator/Renderer.php(141): Quasar\View\Renderer\Renderer->render('/record.phtml')
#2 /home/sasquatch/www/la-rocca/vendor/quasar-framework/quasar-framework/src/Quasar/Dispatcher/Response/Response.php(491): Quasar\Dispatcher\Response\Decorator\Renderer->decorate('')
#3 /home/sasquatch/www/la-rocca/vendor/quasar-framework/quasar-framework/src/Quasar/Dispatcher/Dispatcher.php(145): Quasar\Dispatcher\Response\Response->output()
#4 /home/sasquatch/www/la-rocca/configs/bootstrap.php(32): Quasar\Dispatc in /home/sasquatch/www/la-rocca/vendor/quasar-framework/quasar-framework/src/Quasar/View/Renderer/Renderer.php on line 114
[28-Oct-2012 15:20:10 UTC] PHP Fatal error:  Uncaught exception 'Quasar\Di\DiException' with message 'Cannot find implementation of App\Controller\Record\Lists' in /home/sasquatch/www/la-rocca/vendor/quasar-framework/quasar-framework/src/Quasar/Di/Context.php:339
Stack trace:
#0 /home/sasquatch/www/la-rocca/vendor/quasar-framework/quasar-framework/src/Quasar/Di/Context.php(303): Quasar\Di\Context->pickFactory('App\Controller\...', Array)
#1 /home/sasquatch/www/la-rocca/vendor/quasar-framework/quasar-framework/src/Quasar/Di/Container.php(329): Quasar\Di\Context->create('App\Controller\...')
#2 /home/sasquatch/www/la-rocca/vendor/quasar-framework/quasar-framework/src/Quasar/Controller/Controller.php(305): Quasar\Di\Container->create('App\Controller\...')
#3 /home/sasquatch/www/la-rocca/vendor/quasar-framework/quasar-framework/src/Quasar/Controller/Controller.php(344): Quasar\Controller\Controller->createController('lists')
#4 /home/sasquatch/www/la-rocca/vendor/quasar-framework/quasar-framework/src/Quasar/Controller/Controller.php(346): Quasar\Controller\ in /home/sasquatch/www/la-rocca/vendor/quasar-framework/quasar-framework/src/Quasar/Di/Context.php on line 339
